<?xml version="1.0" encoding="UTF-8"?>
<testsuite xmlns:xsi="http://www.w3.org/2001/XMLSchema-instance" xsi:noNamespaceSchemaLocation="https://maven.apache.org/surefire/maven-surefire-plugin/xsd/surefire-test-report.xsd" name="com.escape_technology_llc.MpegTests" time="0.006" tests="8" errors="0" skipped="0" failures="8">
  <properties>
    <property name="sun.desktop" value="windows"/>
    <property name="awt.toolkit" value="sun.awt.windows.WToolkit"/>
    <property name="java.specification.version" value="11"/>
    <property name="sun.cpu.isalist" value="amd64"/>
    <property name="sun.jnu.encoding" value="Cp1252"/>
    <property name="java.class.path" value="c:\Users\johng\Source\Repos\IsoSax\target\test-classes;c:\Users\johng\Source\Repos\IsoSax\target\classes;C:\Users\johng\.m2\repository\junit\junit\4.11\junit-4.11.jar;C:\Users\johng\.m2\repository\org\hamcrest\hamcrest-core\1.3\hamcrest-core-1.3.jar;"/>
    <property name="java.vm.vendor" value="Red Hat, Inc."/>
    <property name="sun.arch.data.model" value="64"/>
    <property name="user.variant" value=""/>
    <property name="java.vendor.url" value="https://access.redhat.com/"/>
    <property name="user.timezone" value="America/New_York"/>
    <property name="java.vm.specification.version" value="11"/>
    <property name="os.name" value="Windows 10"/>
    <property name="sun.java.launcher" value="SUN_STANDARD"/>
    <property name="user.country" value="US"/>
    <property name="sun.boot.library.path" value="C:\Program Files\RedHat\java-11-openjdk-11.0.10-1\bin"/>
    <property name="sun.java.command" value="C:\Users\johng\AppData\Local\Temp\surefire3682691880731942807\surefirebooter9757337902215276619.jar C:\Users\johng\AppData\Local\Temp\surefire3682691880731942807 2021-03-22T09-37-20_643-jvmRun1 surefire1699407932669530941tmp surefire_015362240299700189293tmp"/>
    <property name="jdk.debug" value="release"/>
    <property name="surefire.test.class.path" value="c:\Users\johng\Source\Repos\IsoSax\target\test-classes;c:\Users\johng\Source\Repos\IsoSax\target\classes;C:\Users\johng\.m2\repository\junit\junit\4.11\junit-4.11.jar;C:\Users\johng\.m2\repository\org\hamcrest\hamcrest-core\1.3\hamcrest-core-1.3.jar;"/>
    <property name="sun.cpu.endian" value="little"/>
    <property name="user.home" value="C:\Users\johng"/>
    <property name="user.language" value="en"/>
    <property name="java.specification.vendor" value="Oracle Corporation"/>
    <property name="java.version.date" value="2021-01-19"/>
    <property name="java.home" value="C:\Program Files\RedHat\java-11-openjdk-11.0.10-1"/>
    <property name="file.separator" value="\"/>
    <property name="basedir" value="c:\Users\johng\Source\Repos\IsoSax"/>
    <property name="java.vm.compressedOopsMode" value="Zero based"/>
    <property name="line.separator" value="&#10;"/>
    <property name="java.specification.name" value="Java Platform API Specification"/>
    <property name="java.vm.specification.vendor" value="Oracle Corporation"/>
    <property name="java.awt.graphicsenv" value="sun.awt.Win32GraphicsEnvironment"/>
    <property name="surefire.real.class.path" value="C:\Users\johng\AppData\Local\Temp\surefire3682691880731942807\surefirebooter9757337902215276619.jar"/>
    <property name="user.script" value=""/>
    <property name="sun.management.compiler" value="HotSpot 64-Bit Tiered Compilers"/>
    <property name="java.runtime.version" value="11.0.10+9-LTS"/>
    <property name="user.name" value="johng"/>
    <property name="path.separator" value=";"/>
    <property name="os.version" value="10.0"/>
    <property name="java.runtime.name" value="OpenJDK Runtime Environment"/>
    <property name="file.encoding" value="Cp1252"/>
    <property name="java.vm.name" value="OpenJDK 64-Bit Server VM"/>
    <property name="java.vendor.version" value="18.9"/>
    <property name="localRepository" value="C:\Users\johng\.m2\repository"/>
    <property name="java.vendor.url.bug" value="https://bugzilla.redhat.com/enter_bug.cgi"/>
    <property name="java.io.tmpdir" value="C:\Users\johng\AppData\Local\Temp\"/>
    <property name="java.version" value="11.0.10"/>
    <property name="user.dir" value="c:\Users\johng\Source\Repos\IsoSax"/>
    <property name="os.arch" value="amd64"/>
    <property name="java.vm.specification.name" value="Java Virtual Machine Specification"/>
    <property name="java.awt.printerjob" value="sun.awt.windows.WPrinterJob"/>
    <property name="sun.os.patch.level" value=""/>
    <property name="java.library.path" value="C:\Program Files\RedHat\java-11-openjdk-11.0.10-1\bin;C:\WINDOWS\Sun\Java\bin;C:\WINDOWS\system32;C:\WINDOWS;C:\Program Files\RedHat\java-11-openjdk-11.0.10-1\bin;C:\Program Files (x86)\Common Files\Oracle\Java\javapath;C:\ProgramData\Oracle\Java\javapath;C:\Program Files\Common Files\Microsoft Shared\Windows Live;C:\Program Files (x86)\Common Files\Microsoft Shared\Windows Live;C:\Windows\system32;C:\Windows;C:\Windows\System32\Wbem;C:\Windows\System32\WindowsPowerShell\v1.0\;C:\Program Files (x86)\NVIDIA Corporation\PhysX\Common;C:\Program Files (x86)\Windows Live\Shared;C:\WINDOWS\system32;C:\WINDOWS;C:\WINDOWS\System32\Wbem;C:\WINDOWS\System32\WindowsPowerShell\v1.0\;C:\Program Files\Microsoft SQL Server\130\Tools\Binn\;C:\Program Files (x86)\Common Files\Intuit\QBPOSSDKRuntime;C:\Program Files\dotnet\;C:\WINDOWS\System32\OpenSSH\;C:\Program Files (x86)\Intel\Intel(R) Management Engine Components\DAL;C:\Program Files\Intel\Intel(R) Management Engine Components\DAL;C:\Program Files\Microsoft SQL Server\Client SDK\ODBC\170\Tools\Binn\;C:\Program Files\nodejs\;C:\Program Files (x86)\dotnet\;C:\Users\johng\AppData\Local\Microsoft\WindowsApps;C:\Users\johng\AppData\Local\Programs\Fiddler;C:\Users\johng\AppData\Local\Microsoft\WindowsApps;C:\Users\johng\.dotnet\tools;C:\Users\johng\AppData\Roaming\npm;C:\Users\johng\AppData\Local\Programs\Microsoft VS Code\bin;."/>
    <property name="java.vm.info" value="mixed mode"/>
    <property name="java.vendor" value="Red Hat, Inc."/>
    <property name="java.vm.version" value="11.0.10+9-LTS"/>
    <property name="sun.io.unicode.encoding" value="UnicodeLittle"/>
    <property name="java.class.version" value="55.0"/>
  </properties>
  <testcase name="chunkForSample" classname="com.escape_technology_llc.MpegTests" time="0.001">
    <failure message="exists failed" type="java.lang.AssertionError">java.lang.AssertionError: exists failed
	at com.escape_technology_llc.MpegTests.chunkForSample(MpegTests.java:193)
</failure>
  </testcase>
  <testcase name="flameTestM4B" classname="com.escape_technology_llc.MpegTests" time="0">
    <failure message="exists failed" type="java.lang.AssertionError">java.lang.AssertionError: exists failed
	at com.escape_technology_llc.MpegTests.flameTestM4B(MpegTests.java:270)
</failure>
  </testcase>
  <testcase name="boxTreeDump" classname="com.escape_technology_llc.MpegTests" time="0">
    <failure message="exists failed" type="java.lang.AssertionError">java.lang.AssertionError: exists failed
	at com.escape_technology_llc.MpegTests.boxTreeDump(MpegTests.java:107)
</failure>
  </testcase>
  <testcase name="flameTestM4B2" classname="com.escape_technology_llc.MpegTests" time="0">
    <failure message="exists failed" type="java.lang.AssertionError">java.lang.AssertionError: exists failed
	at com.escape_technology_llc.MpegTests.flameTestM4B2(MpegTests.java:283)
</failure>
  </testcase>
  <testcase name="flameTestAuphonic" classname="com.escape_technology_llc.MpegTests" time="0">
    <failure message="exists failed" type="java.lang.AssertionError">java.lang.AssertionError: exists failed
	at com.escape_technology_llc.MpegTests.flameTestAuphonic(MpegTests.java:296)
</failure>
  </testcase>
  <testcase name="accessTextTrackSamplesAuphonic" classname="com.escape_technology_llc.MpegTests" time="0">
    <failure message="exists failed" type="java.lang.AssertionError">java.lang.AssertionError: exists failed
	at com.escape_technology_llc.MpegTests.accessTextTrackSamplesAuphonic(MpegTests.java:154)
</failure>
  </testcase>
  <testcase name="flameTestVideo2" classname="com.escape_technology_llc.MpegTests" time="0">
    <failure message="exists failed" type="java.lang.AssertionError">java.lang.AssertionError: exists failed
	at com.escape_technology_llc.MpegTests.flameTestVideo2(MpegTests.java:309)
</failure>
  </testcase>
  <testcase name="accessTextTrackSamples" classname="com.escape_technology_llc.MpegTests" time="0">
    <failure message="exists failed" type="java.lang.AssertionError">java.lang.AssertionError: exists failed
	at com.escape_technology_llc.MpegTests.accessTextTrackSamples(MpegTests.java:114)
</failure>
  </testcase>
</testsuite>